#
# A fatal error has been detected by the Java Runtime Environment:
#
#  SIGSEGV (0xb) at pc=0x0000000104de38dd, pid=28934, tid=14083
#
# JRE version: Java(TM) SE Runtime Environment (10.0.2+13) (build 10.0.2+13)
# Java VM: Java HotSpot(TM) 64-Bit Server VM (10.0.2+13, mixed mode, tiered, compressed oops, g1 gc, bsd-amd64)
# Problematic frame:
# V  [libjvm.dylib+0x5e38dd]  Metadata::mark_on_stack(Metadata*)+0x7
#
# No core dump will be written. Core dumps have been disabled. To enable core dumping, try "ulimit -c unlimited" before starting Java again
#
# If you would like to submit a bug report, please visit:
#   http://bugreport.java.com/bugreport/crash.jsp
#

---------------  S U M M A R Y ------------

Command Line: -agentlib:jdwp=transport=dt_socket,address=127.0.0.1:65371,suspend=y,server=n -javaagent:/Users/paulofelipeoliveirasouza/Library/Caches/IdeaIC2018.2/captureAgent/debugger-agent.jar=file:/private/var/folders/gp/0ls7g9vj177cw8kx_t78yyxh0000gn/T/capture.props -Dfile.encoding=UTF-8 InsertionSort

Host: MacBookPro14,1 x86_64 2300 MHz, 4 cores, 8G, Darwin 17.7.0
Time: Sun Aug 26 21:05:05 2018 -03 elapsed time: 36471 seconds (0d 10h 7m 51s)

---------------  T H R E A D  ---------------

Current thread (0x00007f8b55001000):  VMThread "VM Thread" [stack: 0x0000700003827000,0x0000700003927000] [id=14083]

Stack: [0x0000700003827000,0x0000700003927000],  sp=0x0000700003926990,  free space=1022k
Native frames: (J=compiled Java code, A=aot compiled Java code, j=interpreted, Vv=VM code, C=native code)
V  [libjvm.dylib+0x5e38dd]  Metadata::mark_on_stack(Metadata*)+0x7
V  [libjvm.dylib+0x74c719]  ThreadHandlesClosure::do_thread(Thread*)+0x2f
V  [libjvm.dylib+0x7494ac]  Threads::threads_do(ThreadClosure*)+0x4a
V  [libjvm.dylib+0x74b14c]  Threads::metadata_handles_do(void (*)(Metadata*))+0x20
V  [libjvm.dylib+0x5e36b0]  MetadataOnStackMark::MetadataOnStackMark(bool)+0x14
V  [libjvm.dylib+0x4e0ad5]  VM_RedefineClasses::doit()+0x45
V  [libjvm.dylib+0x7a38d9]  VM_Operation::evaluate()+0xf1
V  [libjvm.dylib+0x7a2dc2]  VMThread::evaluate_operation(VM_Operation*)+0xd4
V  [libjvm.dylib+0x7a2a76]  VMThread::loop()+0x340
V  [libjvm.dylib+0x7a2649]  VMThread::run()+0x75
V  [libjvm.dylib+0x633a5f]  thread_native_entry(Thread*)+0x12b
C  [libsystem_pthread.dylib+0x3661]  _pthread_body+0x154
C  [libsystem_pthread.dylib+0x350d]  _pthread_body+0x0
C  [libsystem_pthread.dylib+0x2bf9]  thread_start+0xd


siginfo: si_signo: 11 (SIGSEGV), si_code: 0 (unknown), si_addr: 0x0000000000000000

Register to memory mapping:

RAX=0x00b100010513f390 is an unknown value
RBX=0x0000000000000000 is an unknown value
RCX=0x00007f8b54d14fa0 is an unknown value
RDX=0x0000000000000000 is an unknown value
RSP=0x0000700003926990 is an unknown value
RBP=0x0000700003926990 is an unknown value
RSI=0x00007f8b55002000 is a thread
RDI=0x000000010b2c6440 is pointing into metadata
R8 =0x000000000000003f is an unknown value
R9 =0x0000000000000002 is an unknown value
R10=0x000000010515d250: AssumeMP+0 in /Library/Java/JavaVirtualMachines/jdk-10.0.2.jdk/Contents/Home/lib/server/libjvm.dylib at 0x0000000104800000
R11=0x00007f8b54f00000 is an unknown value
R12=0x0000000000000068 is an unknown value
R13=0x000070000413ea30 is pointing into the stack for thread: 0x00007f8b5690e000
R14=0x00007f8b55002000 is a thread
R15=0x0000000104de38d6: _ZN8Metadata13mark_on_stackEPS_+0 in /Library/Java/JavaVirtualMachines/jdk-10.0.2.jdk/Contents/Home/lib/server/libjvm.dylib at 0x0000000104800000


Registers:
RAX=0x00b100010513f390, RBX=0x0000000000000000, RCX=0x00007f8b54d14fa0, RDX=0x0000000000000000
RSP=0x0000700003926990, RBP=0x0000700003926990, RSI=0x00007f8b55002000, RDI=0x000000010b2c6440
R8 =0x000000000000003f, R9 =0x0000000000000002, R10=0x000000010515d250, R11=0x00007f8b54f00000
R12=0x0000000000000068, R13=0x000070000413ea30, R14=0x00007f8b55002000, R15=0x0000000104de38d6
RIP=0x0000000104de38dd, EFLAGS=0x0000000000010202, ERR=0x0000000000000000
  TRAPNO=0x000000000000000d

Top of Stack: (sp=0x0000700003926990)
0x0000700003926990:   00007000039269c0 0000000104f4c719
0x00007000039269a0:   0000000104f4c6ea 00007f8b54e44448
0x00007000039269b0:   0000000000000240 0000700003926a00
0x00007000039269c0:   00007000039269f0 0000000104f494ac
0x00007000039269d0:   0000000000000001 5b7152aadf8b00f5
0x00007000039269e0:   00007f8b55001000 000070000413ea30
0x00007000039269f0:   0000700003926a10 0000000104f4b14c
0x0000700003926a00:   0000000105180480 0000000104de38d6
0x0000700003926a10:   0000700003926a30 0000000104de36b0
0x0000700003926a20:   000000010515dc51 000070000413ea30
0x0000700003926a30:   0000700003926ac0 0000000104ce0ad5
0x0000700003926a40:   0000700003926a00 0000000104f530a8
0x0000700003926a50:   0000000105031773 0000000000000000
0x0000700003926a60:   000000000000000d 00007f8b54d33a50
0x0000700003926a70:   0000000000000000 00000001051bd3d8
0x0000700003926a80:   0000700003926c90 0000000104eae791
0x0000700003926a90:   0000000400000000 00007f8b54e124c0
0x0000700003926aa0:   000070000413ea30 5b7152aadf8b00f5
0x0000700003926ab0:   00000001050129d4 000000000000000f
0x0000700003926ac0:   0000700003926bd0 0000000104fa38d9
0x0000700003926ad0:   0000700003926d00 00007f8b54f2ca60
0x0000700003926ae0:   00007f8b54d14fa0 00007f8b54d14fb0
0x0000700003926af0:   00007f8b54d15388 00000000000003d8
0x0000700003926b00:   0000000000000000 0000000000000000
0x0000700003926b10:   0000000000000000 5b7152aadf8b00f5
0x0000700003926b20:   0000700003926c60 0000700003926d10
0x0000700003926b30:   0000000105047455 0000000000000100
0x0000700003926b40:   0000000000000000 0000000000000000
0x0000700003926b50:   0000700003926c60 000000003b9ac618
0x0000700003926b60:   0000000000000100 0000000000000000
0x0000700003926b70:   0000000000000000 0000700003926bb0
0x0000700003926b80:   0000700003926ac0 0000000104c53c08 

Instructions: (pc=0x0000000104de38dd)
0x0000000104de38bd:   48 8b 88 00 02 00 00 48 89 19 48 83 80 00 02 00
0x0000000104de38cd:   00 08 48 83 c4 08 5b 5d c3 55 48 89 e5 48 8b 07
0x0000000104de38dd:   48 8b 40 68 be 01 00 00 00 5d ff e0 90 90 90 90
0x0000000104de38ed:   90 90 90 55 48 89 e5 48 83 ec 10 80 3d f1 5c 36 

VM_Operation (0x000070000413ea30): RedefineClasses, mode: safepoint, requested by thread 0x00007f8b5690e000


---------------  P R O C E S S  ---------------

Threads class SMR info:
_java_thread_list=0x00007f8b54e43bb0, length=13, elements={
0x00007f8b55002000, 0x00007f8b56014800, 0x00007f8b56015800, 0x00007f8b55837000,
0x00007f8b55838000, 0x00007f8b55866800, 0x00007f8b55867000, 0x00007f8b55868000,
0x00007f8b5690e000, 0x00007f8b5617f000, 0x00007f8b5616d000, 0x00007f8b5616e000,
0x00007f8b568a6800
}

Java Threads: ( => current thread )
  0x00007f8b55002000 JavaThread "main" [_thread_blocked, id=9475, stack(0x00000001055a0000,0x00000001056a0000)]
  0x00007f8b56014800 JavaThread "Reference Handler" daemon [_thread_blocked, id=14339, stack(0x000070000392a000,0x0000700003a2a000)]
  0x00007f8b56015800 JavaThread "Finalizer" daemon [_thread_blocked, id=14851, stack(0x0000700003a2d000,0x0000700003b2d000)]
  0x00007f8b55837000 JavaThread "Signal Dispatcher" daemon [_thread_blocked, id=42755, stack(0x0000700003b30000,0x0000700003c30000)]
  0x00007f8b55838000 JavaThread "C2 CompilerThread0" daemon [_thread_blocked, id=22787, stack(0x0000700003c33000,0x0000700003d33000)]
  0x00007f8b55866800 JavaThread "C2 CompilerThread1" daemon [_thread_blocked, id=23299, stack(0x0000700003d36000,0x0000700003e36000)]
  0x00007f8b55867000 JavaThread "C1 CompilerThread2" daemon [_thread_blocked, id=23811, stack(0x0000700003e39000,0x0000700003f39000)]
  0x00007f8b55868000 JavaThread "Sweeper thread" daemon [_thread_blocked, id=24323, stack(0x0000700003f3c000,0x000070000403c000)]
  0x00007f8b5690e000 JavaThread "JDWP Transport Listener: dt_socket" daemon [_thread_blocked, id=24579, stack(0x000070000403f000,0x000070000413f000)]
  0x00007f8b5617f000 JavaThread "JDWP Event Helper Thread" daemon [_thread_blocked, id=40451, stack(0x0000700004142000,0x0000700004242000)]
  0x00007f8b5616d000 JavaThread "JDWP Command Reader" daemon [_thread_in_native, id=39683, stack(0x0000700004245000,0x0000700004345000)]
  0x00007f8b5616e000 JavaThread "Common-Cleaner" daemon [_thread_blocked, id=25091, stack(0x0000700004348000,0x0000700004448000)]
  0x00007f8b568a6800 JavaThread "Service Thread" daemon [_thread_blocked, id=25603, stack(0x000070000444b000,0x000070000454b000)]

Other Threads:
=>0x00007f8b55001000 VMThread "VM Thread" [stack: 0x0000700003827000,0x0000700003927000] [id=14083]
  0x00007f8b56986800 WatcherThread [stack: 0x000070000454e000,0x000070000464e000] [id=38915]
  0x00007f8b55010000 GCTaskThread "GC Thread#0" [stack: 0x0000700002d06000,0x0000700002e06000] [id=21251]
  0x00007f8b55010800 GCTaskThread "GC Thread#1" [stack: 0x0000700002e09000,0x0000700002f09000] [id=11523]
  0x00007f8b55011800 GCTaskThread "GC Thread#2" [stack: 0x0000700002f0c000,0x000070000300c000] [id=20483]
  0x00007f8b55012000 GCTaskThread "GC Thread#3" [stack: 0x000070000300f000,0x000070000310f000] [id=19971]
  0x00007f8b55021000 ConcurrentGCThread "G1 Main Marker" [stack: 0x0000700003112000,0x0000700003212000] [id=19459]
  0x00007f8b55022000 ConcurrentGCThread "G1 Conc#0" [stack: 0x0000700003215000,0x0000700003315000] [id=12035]
  0x00007f8b55047800 ConcurrentGCThread "G1 Refine#0" [stack: 0x0000700003318000,0x0000700003418000] [id=12547]
  0x00007f8b55048800 ConcurrentGCThread "G1 Refine#1" [stack: 0x000070000341b000,0x000070000351b000] [id=18691]
  0x00007f8b55049000 ConcurrentGCThread "G1 Refine#2" [stack: 0x000070000351e000,0x000070000361e000] [id=13059]
  0x00007f8b5504a000 ConcurrentGCThread "G1 Refine#3" [stack: 0x0000700003621000,0x0000700003721000] [id=13315]
  0x00007f8b5504a800 ConcurrentGCThread "G1 Young RemSet Sampling" [stack: 0x0000700003724000,0x0000700003824000] [id=17923]

Threads with active compile tasks:

VM state:at safepoint (normal execution)

VM Mutex/Monitor currently owned by a thread:  ([mutex/lock_event])
[0x00007f8b54e12540] Threads_lock - owner thread: 0x00007f8b55001000

Heap address: 0x0000000740000000, size: 2048 MB, Compressed Oops mode: Zero based, Oop shift amount: 3
Narrow klass base: 0x0000000000000000, Narrow klass shift: 3
Compressed class space size: 1073741824 Address: 0x00000007c0000000

Heap:
 garbage-first heap   total 131072K, used 2048K [0x0000000740000000, 0x00000007c0000000)
  region size 1024K, 3 young (3072K), 0 survivors (0K)
 Metaspace       used 5127K, capacity 5232K, committed 5376K, reserved 1056768K
  class space    used 430K, capacity 464K, committed 512K, reserved 1048576K
Heap Regions: E=young(eden), S=young(survivor), O=old, HS=humongous(starts), HC=humongous(continues), CS=collection set, F=free, A=archive, TS=gc time stamp, AC=allocation context, TAMS=top-at-mark-start (previous, next)
|   0|0x0000000740000000, 0x0000000740000000, 0x0000000740100000|  0%| F|  |TS  0|AC  0|TAMS 0x0000000740000000, 0x0000000740000000|
|   1|0x0000000740100000, 0x0000000740100000, 0x0000000740200000|  0%| F|  |TS  0|AC  0|TAMS 0x0000000740100000, 0x0000000740100000|
|   2|0x0000000740200000, 0x0000000740200000, 0x0000000740300000|  0%| F|  |TS  0|AC  0|TAMS 0x0000000740200000, 0x0000000740200000|
|   3|0x0000000740300000, 0x0000000740300000, 0x0000000740400000|  0%| F|  |TS  0|AC  0|TAMS 0x0000000740300000, 0x0000000740300000|
|   4|0x0000000740400000, 0x0000000740400000, 0x0000000740500000|  0%| F|  |TS  0|AC  0|TAMS 0x0000000740400000, 0x0000000740400000|
|   5|0x0000000740500000, 0x0000000740500000, 0x0000000740600000|  0%| F|  |TS  0|AC  0|TAMS 0x0000000740500000, 0x0000000740500000|
|   6|0x0000000740600000, 0x0000000740600000, 0x0000000740700000|  0%| F|  |TS  0|AC  0|TAMS 0x0000000740600000, 0x0000000740600000|
|   7|0x0000000740700000, 0x0000000740700000, 0x0000000740800000|  0%| F|  |TS  0|AC  0|TAMS 0x0000000740700000, 0x0000000740700000|
|   8|0x0000000740800000, 0x0000000740800000, 0x0000000740900000|  0%| F|  |TS  0|AC  0|TAMS 0x0000000740800000, 0x0000000740800000|
|   9|0x0000000740900000, 0x0000000740900000, 0x0000000740a00000|  0%| F|  |TS  0|AC  0|TAMS 0x0000000740900000, 0x0000000740900000|
|  10|0x0000000740a00000, 0x0000000740a00000, 0x0000000740b00000|  0%| F|  |TS  0|AC  0|TAMS 0x0000000740a00000, 0x0000000740a00000|
|  11|0x0000000740b00000, 0x0000000740b00000, 0x0000000740c00000|  0%| F|  |TS  0|AC  0|TAMS 0x0000000740b00000, 0x0000000740b00000|
|  12|0x0000000740c00000, 0x0000000740c00000, 0x0000000740d00000|  0%| F|  |TS  0|AC  0|TAMS 0x0000000740c00000, 0x0000000740c00000|
|  13|0x0000000740d00000, 0x0000000740d00000, 0x0000000740e00000|  0%| F|  |TS  0|AC  0|TAMS 0x0000000740d00000, 0x0000000740d00000|
|  14|0x0000000740e00000, 0x0000000740e00000, 0x0000000740f00000|  0%| F|  |TS  0|AC  0|TAMS 0x0000000740e00000, 0x0000000740e00000|
|  15|0x0000000740f00000, 0x0000000740f00000, 0x0000000741000000|  0%| F|  |TS  0|AC  0|TAMS 0x0000000740f00000, 0x0000000740f00000|
|  16|0x0000000741000000, 0x0000000741000000, 0x0000000741100000|  0%| F|  |TS  0|AC  0|TAMS 0x0000000741000000, 0x0000000741000000|
|  17|0x0000000741100000, 0x0000000741100000, 0x0000000741200000|  0%| F|  |TS  0|AC  0|TAMS 0x0000000741100000, 0x0000000741100000|
|  18|0x0000000741200000, 0x0000000741200000, 0x0000000741300000|  0%| F|  |TS  0|AC  0|TAMS 0x0000000741200000, 0x0000000741200000|
|  19|0x0000000741300000, 0x0000000741300000, 0x0000000741400000|  0%| F|  |TS  0|AC  0|TAMS 0x0000000741300000, 0x0000000741300000|
|  20|0x0000000741400000, 0x0000000741400000, 0x0000000741500000|  0%| F|  |TS  0|AC  0|TAMS 0x0000000741400000, 0x0000000741400000|
|  21|0x0000000741500000, 0x0000000741500000, 0x0000000741600000|  0%| F|  |TS  0|AC  0|TAMS 0x0000000741500000, 0x0000000741500000|
|  22|0x0000000741600000, 0x0000000741600000, 0x0000000741700000|  0%| F|  |TS  0|AC  0|TAMS 0x0000000741600000, 0x0000000741600000|
|  23|0x0000000741700000, 0x0000000741700000, 0x0000000741800000|  0%| F|  |TS  0|AC  0|TAMS 0x0000000741700000, 0x0000000741700000|
|  24|0x0000000741800000, 0x0000000741800000, 0x0000000741900000|  0%| F|  |TS  0|AC  0|TAMS 0x0000000741800000, 0x0000000741800000|
|  25|0x0000000741900000, 0x0000000741900000, 0x0000000741a00000|  0%| F|  |TS  0|AC  0|TAMS 0x0000000741900000, 0x0000000741900000|
|  26|0x0000000741a00000, 0x0000000741a00000, 0x0000000741b00000|  0%| F|  |TS  0|AC  0|TAMS 0x0000000741a00000, 0x0000000741a00000|
|  27|0x0000000741b00000, 0x0000000741b00000, 0x0000000741c00000|  0%| F|  |TS  0|AC  0|TAMS 0x0000000741b00000, 0x0000000741b00000|
|  28|0x0000000741c00000, 0x0000000741c00000, 0x0000000741d00000|  0%| F|  |TS  0|AC  0|TAMS 0x0000000741c00000, 0x0000000741c00000|
|  29|0x0000000741d00000, 0x0000000741d00000, 0x0000000741e00000|  0%| F|  |TS  0|AC  0|TAMS 0x0000000741d00000, 0x0000000741d00000|
|  30|0x0000000741e00000, 0x0000000741e00000, 0x0000000741f00000|  0%| F|  |TS  0|AC  0|TAMS 0x0000000741e00000, 0x0000000741e00000|
|  31|0x0000000741f00000, 0x0000000741f00000, 0x0000000742000000|  0%| F|  |TS  0|AC  0|TAMS 0x0000000741f00000, 0x0000000741f00000|
|  32|0x0000000742000000, 0x0000000742000000, 0x0000000742100000|  0%| F|  |TS  0|AC  0|TAMS 0x0000000742000000, 0x0000000742000000|
|  33|0x0000000742100000, 0x0000000742100000, 0x0000000742200000|  0%| F|  |TS  0|AC  0|TAMS 0x0000000742100000, 0x0000000742100000|
|  34|0x0000000742200000, 0x0000000742200000, 0x0000000742300000|  0%| F|  |TS  0|AC  0|TAMS 0x0000000742200000, 0x0000000742200000|
|  35|0x0000000742300000, 0x0000000742300000, 0x0000000742400000|  0%| F|  |TS  0|AC  0|TAMS 0x0000000742300000, 0x0000000742300000|
|  36|0x0000000742400000, 0x0000000742400000, 0x0000000742500000|  0%| F|  |TS  0|AC  0|TAMS 0x0000000742400000, 0x0000000742400000|
|  37|0x0000000742500000, 0x0000000742500000, 0x0000000742600000|  0%| F|  |TS  0|AC  0|TAMS 0x0000000742500000, 0x0000000742500000|
|  38|0x0000000742600000, 0x0000000742600000, 0x0000000742700000|  0%| F|  |TS  0|AC  0|TAMS 0x0000000742600000, 0x0000000742600000|
|  39|0x0000000742700000, 0x0000000742700000, 0x0000000742800000|  0%| F|  |TS  0|AC  0|TAMS 0x0000000742700000, 0x0000000742700000|
|  40|0x0000000742800000, 0x0000000742800000, 0x0000000742900000|  0%| F|  |TS  0|AC  0|TAMS 0x0000000742800000, 0x0000000742800000|
|  41|0x0000000742900000, 0x0000000742900000, 0x0000000742a00000|  0%| F|  |TS  0|AC  0|TAMS 0x0000000742900000, 0x0000000742900000|
|  42|0x0000000742a00000, 0x0000000742a00000, 0x0000000742b00000|  0%| F|  |TS  0|AC  0|TAMS 0x0000000742a00000, 0x0000000742a00000|
|  43|0x0000000742b00000, 0x0000000742b00000, 0x0000000742c00000|  0%| F|  |TS  0|AC  0|TAMS 0x0000000742b00000, 0x0000000742b00000|
|  44|0x0000000742c00000, 0x0000000742c00000, 0x0000000742d00000|  0%| F|  |TS  0|AC  0|TAMS 0x0000000742c00000, 0x0000000742c00000|
|  45|0x0000000742d00000, 0x0000000742d00000, 0x0000000742e00000|  0%| F|  |TS  0|AC  0|TAMS 0x0000000742d00000, 0x0000000742d00000|
|  46|0x0000000742e00000, 0x0000000742e00000, 0x0000000742f00000|  0%| F|  |TS  0|AC  0|TAMS 0x0000000742e00000, 0x0000000742e00000|
|  47|0x0000000742f00000, 0x0000000742f00000, 0x0000000743000000|  0%| F|  |TS  0|AC  0|TAMS 0x0000000742f00000, 0x0000000742f00000|
|  48|0x0000000743000000, 0x0000000743000000, 0x0000000743100000|  0%| F|  |TS  0|AC  0|TAMS 0x0000000743000000, 0x0000000743000000|
|  49|0x0000000743100000, 0x0000000743100000, 0x0000000743200000|  0%| F|  |TS  0|AC  0|TAMS 0x0000000743100000, 0x0000000743100000|
|  50|0x0000000743200000, 0x0000000743200000, 0x0000000743300000|  0%| F|  |TS  0|AC  0|TAMS 0x0000000743200000, 0x0000000743200000|
|  51|0x0000000743300000, 0x0000000743300000, 0x0000000743400000|  0%| F|  |TS  0|AC  0|TAMS 0x0000000743300000, 0x0000000743300000|
|  52|0x0000000743400000, 0x0000000743400000, 0x0000000743500000|  0%| F|  |TS  0|AC  0|TAMS 0x0000000743400000, 0x0000000743400000|
|  53|0x0000000743500000, 0x0000000743500000, 0x0000000743600000|  0%| F|  |TS  0|AC  0|TAMS 0x0000000743500000, 0x0000000743500000|
|  54|0x0000000743600000, 0x0000000743600000, 0x0000000743700000|  0%| F|  |TS  0|AC  0|TAMS 0x0000000743600000, 0x0000000743600000|
|  55|0x0000000743700000, 0x0000000743700000, 0x0000000743800000|  0%| F|  |TS  0|AC  0|TAMS 0x0000000743700000, 0x0000000743700000|
|  56|0x0000000743800000, 0x0000000743800000, 0x0000000743900000|  0%| F|  |TS  0|AC  0|TAMS 0x0000000743800000, 0x0000000743800000|
|  57|0x0000000743900000, 0x0000000743900000, 0x0000000743a00000|  0%| F|  |TS  0|AC  0|TAMS 0x0000000743900000, 0x0000000743900000|
|  58|0x0000000743a00000, 0x0000000743a00000, 0x0000000743b00000|  0%| F|  |TS  0|AC  0|TAMS 0x0000000743a00000, 0x0000000743a00000|
|  59|0x0000000743b00000, 0x0000000743b00000, 0x0000000743c00000|  0%| F|  |TS  0|AC  0|TAMS 0x0000000743b00000, 0x0000000743b00000|
|  60|0x0000000743c00000, 0x0000000743c00000, 0x0000000743d00000|  0%| F|  |TS  0|AC  0|TAMS 0x0000000743c00000, 0x0000000743c00000|
|  61|0x0000000743d00000, 0x0000000743d00000, 0x0000000743e00000|  0%| F|  |TS  0|AC  0|TAMS 0x0000000743d00000, 0x0000000743d00000|
|  62|0x0000000743e00000, 0x0000000743e00000, 0x0000000743f00000|  0%| F|  |TS  0|AC  0|TAMS 0x0000000743e00000, 0x0000000743e00000|
|  63|0x0000000743f00000, 0x0000000743f00000, 0x0000000744000000|  0%| F|  |TS  0|AC  0|TAMS 0x0000000743f00000, 0x0000000743f00000|
|  64|0x0000000744000000, 0x0000000744000000, 0x0000000744100000|  0%| F|  |TS  0|AC  0|TAMS 0x0000000744000000, 0x0000000744000000|
|  65|0x0000000744100000, 0x0000000744100000, 0x0000000744200000|  0%| F|  |TS  0|AC  0|TAMS 0x0000000744100000, 0x0000000744100000|
|  66|0x0000000744200000, 0x0000000744200000, 0x0000000744300000|  0%| F|  |TS  0|AC  0|TAMS 0x0000000744200000, 0x0000000744200000|
|  67|0x0000000744300000, 0x0000000744300000, 0x0000000744400000|  0%| F|  |TS  0|AC  0|TAMS 0x0000000744300000, 0x0000000744300000|
|  68|0x0000000744400000, 0x0000000744400000, 0x0000000744500000|  0%| F|  |TS  0|AC  0|TAMS 0x0000000744400000, 0x0000000744400000|
|  69|0x0000000744500000, 0x0000000744500000, 0x0000000744600000|  0%| F|  |TS  0|AC  0|TAMS 0x0000000744500000, 0x0000000744500000|
|  70|0x0000000744600000, 0x0000000744600000, 0x0000000744700000|  0%| F|  |TS  0|AC  0|TAMS 0x0000000744600000, 0x0000000744600000|
|  71|0x0000000744700000, 0x0000000744700000, 0x0000000744800000|  0%| F|  |TS  0|AC  0|TAMS 0x0000000744700000, 0x0000000744700000|
|  72|0x0000000744800000, 0x0000000744800000, 0x0000000744900000|  0%| F|  |TS  0|AC  0|TAMS 0x0000000744800000, 0x0000000744800000|
|  73|0x0000000744900000, 0x0000000744900000, 0x0000000744a00000|  0%| F|  |TS  0|AC  0|TAMS 0x0000000744900000, 0x0000000744900000|
|  74|0x0000000744a00000, 0x0000000744a00000, 0x0000000744b00000|  0%| F|  |TS  0|AC  0|TAMS 0x0000000744a00000, 0x0000000744a00000|
|  75|0x0000000744b00000, 0x0000000744b00000, 0x0000000744c00000|  0%| F|  |TS  0|AC  0|TAMS 0x0000000744b00000, 0x0000000744b00000|
|  76|0x0000000744c00000, 0x0000000744c00000, 0x0000000744d00000|  0%| F|  |TS  0|AC  0|TAMS 0x0000000744c00000, 0x0000000744c00000|
|  77|0x0000000744d00000, 0x0000000744d00000, 0x0000000744e00000|  0%| F|  |TS  0|AC  0|TAMS 0x0000000744d00000, 0x0000000744d00000|
|  78|0x0000000744e00000, 0x0000000744e00000, 0x0000000744f00000|  0%| F|  |TS  0|AC  0|TAMS 0x0000000744e00000, 0x0000000744e00000|
|  79|0x0000000744f00000, 0x0000000744f00000, 0x0000000745000000|  0%| F|  |TS  0|AC  0|TAMS 0x0000000744f00000, 0x0000000744f00000|
|  80|0x0000000745000000, 0x0000000745000000, 0x0000000745100000|  0%| F|  |TS  0|AC  0|TAMS 0x0000000745000000, 0x0000000745000000|
|  81|0x0000000745100000, 0x0000000745100000, 0x0000000745200000|  0%| F|  |TS  0|AC  0|TAMS 0x0000000745100000, 0x0000000745100000|
|  82|0x0000000745200000, 0x0000000745200000, 0x0000000745300000|  0%| F|  |TS  0|AC  0|TAMS 0x0000000745200000, 0x0000000745200000|
|  83|0x0000000745300000, 0x0000000745300000, 0x0000000745400000|  0%| F|  |TS  0|AC  0|TAMS 0x0000000745300000, 0x0000000745300000|
|  84|0x0000000745400000, 0x0000000745400000, 0x0000000745500000|  0%| F|  |TS  0|AC  0|TAMS 0x0000000745400000, 0x0000000745400000|
|  85|0x0000000745500000, 0x0000000745500000, 0x0000000745600000|  0%| F|  |TS  0|AC  0|TAMS 0x0000000745500000, 0x0000000745500000|
|  86|0x0000000745600000, 0x0000000745600000, 0x0000000745700000|  0%| F|  |TS  0|AC  0|TAMS 0x0000000745600000, 0x0000000745600000|
|  87|0x0000000745700000, 0x0000000745700000, 0x0000000745800000|  0%| F|  |TS  0|AC  0|TAMS 0x0000000745700000, 0x0000000745700000|
|  88|0x0000000745800000, 0x0000000745800000, 0x0000000745900000|  0%| F|  |TS  0|AC  0|TAMS 0x0000000745800000, 0x0000000745800000|
|  89|0x0000000745900000, 0x0000000745900000, 0x0000000745a00000|  0%| F|  |TS  0|AC  0|TAMS 0x0000000745900000, 0x0000000745900000|
|  90|0x0000000745a00000, 0x0000000745a00000, 0x0000000745b00000|  0%| F|  |TS  0|AC  0|TAMS 0x0000000745a00000, 0x0000000745a00000|
|  91|0x0000000745b00000, 0x0000000745b00000, 0x0000000745c00000|  0%| F|  |TS  0|AC  0|TAMS 0x0000000745b00000, 0x0000000745b00000|
|  92|0x0000000745c00000, 0x0000000745c00000, 0x0000000745d00000|  0%| F|  |TS  0|AC  0|TAMS 0x0000000745c00000, 0x0000000745c00000|
|  93|0x0000000745d00000, 0x0000000745d00000, 0x0000000745e00000|  0%| F|  |TS  0|AC  0|TAMS 0x0000000745d00000, 0x0000000745d00000|
|  94|0x0000000745e00000, 0x0000000745e00000, 0x0000000745f00000|  0%| F|  |TS  0|AC  0|TAMS 0x0000000745e00000, 0x0000000745e00000|
|  95|0x0000000745f00000, 0x0000000745f00000, 0x0000000746000000|  0%| F|  |TS  0|AC  0|TAMS 0x0000000745f00000, 0x0000000745f00000|
|  96|0x0000000746000000, 0x0000000746000000, 0x0000000746100000|  0%| F|  |TS  0|AC  0|TAMS 0x0000000746000000, 0x0000000746000000|
|  97|0x0000000746100000, 0x0000000746100000, 0x0000000746200000|  0%| F|  |TS  0|AC  0|TAMS 0x0000000746100000, 0x0000000746100000|
|  98|0x0000000746200000, 0x0000000746200000, 0x0000000746300000|  0%| F|  |TS  0|AC  0|TAMS 0x0000000746200000, 0x0000000746200000|
|  99|0x0000000746300000, 0x0000000746300000, 0x0000000746400000|  0%| F|  |TS  0|AC  0|TAMS 0x0000000746300000, 0x0000000746300000|
| 100|0x0000000746400000, 0x0000000746400000, 0x0000000746500000|  0%| F|  |TS  0|AC  0|TAMS 0x0000000746400000, 0x0000000746400000|
| 101|0x0000000746500000, 0x0000000746500000, 0x0000000746600000|  0%| F|  |TS  0|AC  0|TAMS 0x0000000746500000, 0x0000000746500000|
| 102|0x0000000746600000, 0x0000000746600000, 0x0000000746700000|  0%| F|  |TS  0|AC  0|TAMS 0x0000000746600000, 0x0000000746600000|
| 103|0x0000000746700000, 0x0000000746700000, 0x0000000746800000|  0%| F|  |TS  0|AC  0|TAMS 0x0000000746700000, 0x0000000746700000|
| 104|0x0000000746800000, 0x0000000746800000, 0x0000000746900000|  0%| F|  |TS  0|AC  0|TAMS 0x0000000746800000, 0x0000000746800000|
| 105|0x0000000746900000, 0x0000000746900000, 0x0000000746a00000|  0%| F|  |TS  0|AC  0|TAMS 0x0000000746900000, 0x0000000746900000|
| 106|0x0000000746a00000, 0x0000000746a00000, 0x0000000746b00000|  0%| F|  |TS  0|AC  0|TAMS 0x0000000746a00000, 0x0000000746a00000|
| 107|0x0000000746b00000, 0x0000000746b00000, 0x0000000746c00000|  0%| F|  |TS  0|AC  0|TAMS 0x0000000746b00000, 0x0000000746b00000|
| 108|0x0000000746c00000, 0x0000000746c00000, 0x0000000746d00000|  0%| F|  |TS  0|AC  0|TAMS 0x0000000746c00000, 0x0000000746c00000|
| 109|0x0000000746d00000, 0x0000000746d00000, 0x0000000746e00000|  0%| F|  |TS  0|AC  0|TAMS 0x0000000746d00000, 0x0000000746d00000|
| 110|0x0000000746e00000, 0x0000000746e00000, 0x0000000746f00000|  0%| F|  |TS  0|AC  0|TAMS 0x0000000746e00000, 0x0000000746e00000|
| 111|0x0000000746f00000, 0x0000000746f00000, 0x0000000747000000|  0%| F|  |TS  0|AC  0|TAMS 0x0000000746f00000, 0x0000000746f00000|
| 112|0x0000000747000000, 0x0000000747000000, 0x0000000747100000|  0%| F|  |TS  0|AC  0|TAMS 0x0000000747000000, 0x0000000747000000|
| 113|0x0000000747100000, 0x0000000747100000, 0x0000000747200000|  0%| F|  |TS  0|AC  0|TAMS 0x0000000747100000, 0x0000000747100000|
| 114|0x0000000747200000, 0x0000000747200000, 0x0000000747300000|  0%| F|  |TS  0|AC  0|TAMS 0x0000000747200000, 0x0000000747200000|
| 115|0x0000000747300000, 0x0000000747300000, 0x0000000747400000|  0%| F|  |TS  0|AC  0|TAMS 0x0000000747300000, 0x0000000747300000|
| 116|0x0000000747400000, 0x0000000747400000, 0x0000000747500000|  0%| F|  |TS  0|AC  0|TAMS 0x0000000747400000, 0x0000000747400000|
| 117|0x0000000747500000, 0x0000000747500000, 0x0000000747600000|  0%| F|  |TS  0|AC  0|TAMS 0x0000000747500000, 0x0000000747500000|
| 118|0x0000000747600000, 0x0000000747600000, 0x0000000747700000|  0%| F|  |TS  0|AC  0|TAMS 0x0000000747600000, 0x0000000747600000|
| 119|0x0000000747700000, 0x0000000747700000, 0x0000000747800000|  0%| F|  |TS  0|AC  0|TAMS 0x0000000747700000, 0x0000000747700000|
| 120|0x0000000747800000, 0x0000000747800000, 0x0000000747900000|  0%| F|  |TS  0|AC  0|TAMS 0x0000000747800000, 0x0000000747800000|
| 121|0x0000000747900000, 0x0000000747900000, 0x0000000747a00000|  0%| F|  |TS  0|AC  0|TAMS 0x0000000747900000, 0x0000000747900000|
| 122|0x0000000747a00000, 0x0000000747a00000, 0x0000000747b00000|  0%| F|  |TS  0|AC  0|TAMS 0x0000000747a00000, 0x0000000747a00000|
| 123|0x0000000747b00000, 0x0000000747b00000, 0x0000000747c00000|  0%| F|  |TS  0|AC  0|TAMS 0x0000000747b00000, 0x0000000747b00000|
| 124|0x0000000747c00000, 0x0000000747c00000, 0x0000000747d00000|  0%| F|  |TS  0|AC  0|TAMS 0x0000000747c00000, 0x0000000747c00000|
| 125|0x0000000747d00000, 0x0000000747de9728, 0x0000000747e00000| 91%| E|  |TS  0|AC  0|TAMS 0x0000000747d00000, 0x0000000747d00000|
| 126|0x0000000747e00000, 0x0000000747f00000, 0x0000000747f00000|100%| E|CS|TS  0|AC  0|TAMS 0x0000000747e00000, 0x0000000747e00000|
| 127|0x0000000747f00000, 0x0000000748000000, 0x0000000748000000|100%| E|CS|TS  0|AC  0|TAMS 0x0000000747f00000, 0x0000000747f00000|

Card table byte_map: [0x000000010617e000,0x000000010657e000] byte_map_base: 0x000000010277e000

Marking Bits (Prev, Next): (CMBitMap*) 0x00007f8b55020860, (CMBitMap*) 0x00007f8b55020898
 Prev Bits: [0x000000010697e000, 0x000000010897e000)
 Next Bits: [0x000000010897e000, 0x000000010a97e000)

Polling page: 0x0000000103fde000

CodeHeap 'non-profiled nmethods': size=120032Kb used=73Kb max_used=73Kb free=119958Kb
 bounds [0x000000011e98a000, 0x000000011ebfa000, 0x0000000125ec2000]
CodeHeap 'profiled nmethods': size=120032Kb used=273Kb max_used=273Kb free=119759Kb
 bounds [0x0000000117452000, 0x00000001176c2000, 0x000000011e98a000]
CodeHeap 'non-nmethods': size=5696Kb used=1068Kb max_used=1079Kb free=4627Kb
 bounds [0x0000000116ec2000, 0x0000000117132000, 0x0000000117452000]
 total_blobs=560 nmethods=199 adapters=201
 compilation: enabled

Compilation events (10 events):
Event: 0.327 Thread 0x00007f8b55867000  195       3       java.lang.String::startsWith (138 bytes)
Event: 0.329 Thread 0x00007f8b55867000 nmethod 195 0x0000000117494190 code [0x00000001174943e0, 0x0000000117494dd0]
Event: 0.330 Thread 0x00007f8b55867000  196       3       java.lang.String::getBytes (44 bytes)
Event: 0.330 Thread 0x00007f8b55867000 nmethod 196 0x0000000117495110 code [0x0000000117495300, 0x00000001174956d8]
Event: 0.330 Thread 0x00007f8b55867000  197       3       java.util.zip.ZipUtils::LG (22 bytes)
Event: 0.331 Thread 0x00007f8b55867000 nmethod 197 0x0000000117495890 code [0x0000000117495a60, 0x0000000117495d10]
Event: 0.331 Thread 0x00007f8b55838000  198       4       java.lang.String::charAt (25 bytes)
Event: 0.333 Thread 0x00007f8b55838000 nmethod 198 0x000000011e99c190 code [0x000000011e99c320, 0x000000011e99c478]
Event: 0.339 Thread 0x00007f8b55867000  199       3       java.util.concurrent.ConcurrentHashMap::setTabAt (20 bytes)
Event: 0.340 Thread 0x00007f8b55867000 nmethod 199 0x0000000117495e90 code [0x0000000117496040, 0x0000000117496330]

GC Heap History (0 events):
No events

Deoptimization events (2 events):
Event: 0.162 Thread 0x00007f8b55002000 Uncommon trap: reason=unstable_if action=reinterpret pc=0x000000011e99588c method=java.util.HashMap.putVal(ILjava/lang/Object;Ljava/lang/Object;ZZ)Ljava/lang/Object; @ 69 c2
Event: 0.221 Thread 0x00007f8b55002000 Uncommon trap: reason=unstable_if action=reinterpret pc=0x000000011e98d614 method=java.lang.String.hashCode()I @ 14 c2

Classes redefined (8 events):
Event: 37.021 Thread 0x00007f8b55001000 redefined class name=InsertionSort, count=1
Event: 95.012 Thread 0x00007f8b55001000 redefined class name=InsertionSort, count=2
Event: 189.466 Thread 0x00007f8b55001000 redefined class name=InsertionSort, count=3
Event: 318.270 Thread 0x00007f8b55001000 redefined class name=InsertionSort, count=4
Event: 334.237 Thread 0x00007f8b55001000 redefined class name=InsertionSort, count=5
Event: 539.342 Thread 0x00007f8b55001000 redefined class name=InsertionSort, count=6
Event: 7882.586 Thread 0x00007f8b55001000 redefined class name=InsertionSort, count=7
Event: 8055.556 Thread 0x00007f8b55001000 redefined class name=InsertionSort, count=8

Internal exceptions (0 events):
No events

Events (10 events):
Event: 8166.328 Executing VM operation: ChangeBreakpoints done
Event: 36471.250 Executing VM operation: ChangeBreakpoints
Event: 36471.252 Executing VM operation: ChangeBreakpoints done
Event: 36471.253 Executing VM operation: ChangeBreakpoints
Event: 36471.253 Executing VM operation: ChangeBreakpoints done
Event: 36471.254 Executing VM operation: ChangeBreakpoints
Event: 36471.254 Executing VM operation: ChangeBreakpoints done
Event: 36471.254 Executing VM operation: ChangeBreakpoints
Event: 36471.254 Executing VM operation: ChangeBreakpoints done
Event: 36471.259 Executing VM operation: RedefineClasses


Dynamic libraries:
0x00007fff41fc9000 	/System/Library/Frameworks/Cocoa.framework/Versions/A/Cocoa
0x00007fff4e5e2000 	/System/Library/Frameworks/Security.framework/Versions/A/Security
0x00007fff40c0b000 	/System/Library/Frameworks/ApplicationServices.framework/Versions/A/ApplicationServices
0x00007fff6a426000 	/usr/lib/libz.1.dylib
0x00007fff68357000 	/usr/lib/libSystem.B.dylib
0x00007fff4277c000 	/System/Library/Frameworks/CoreFoundation.framework/Versions/A/CoreFoundation
0x00007fff448dd000 	/System/Library/Frameworks/Foundation.framework/Versions/C/Foundation
0x00007fff69a10000 	/usr/lib/libobjc.A.dylib
0x00007fff3fd5b000 	/System/Library/Frameworks/AppKit.framework/Versions/C/AppKit
0x00007fff42341000 	/System/Library/Frameworks/CoreData.framework/Versions/A/CoreData
0x00007fff61c9c000 	/System/Library/PrivateFrameworks/RemoteViewServices.framework/Versions/A/RemoteViewServices
0x00007fff663fc000 	/System/Library/PrivateFrameworks/UIFoundation.framework/Versions/A/UIFoundation
0x00007fff56aaa000 	/System/Library/PrivateFrameworks/DFRFoundation.framework/Versions/A/DFRFoundation
0x00007fff46f49000 	/System/Library/Frameworks/Metal.framework/Versions/A/Metal
0x00007fff56c47000 	/System/Library/PrivateFrameworks/DesktopServicesPriv.framework/Versions/A/DesktopServicesPriv
0x00007fff68f5d000 	/usr/lib/libenergytrace.dylib
0x00007fff64467000 	/System/Library/PrivateFrameworks/SkyLight.framework/Versions/A/SkyLight
0x00007fff42c1f000 	/System/Library/Frameworks/CoreGraphics.framework/Versions/A/CoreGraphics
0x00007fff68352000 	/usr/lib/libScreenReader.dylib
0x00007fff3ecf5000 	/System/Library/Frameworks/Accelerate.framework/Versions/A/Accelerate
0x00007fff45057000 	/System/Library/Frameworks/IOSurface.framework/Versions/A/IOSurface
0x00007fff41155000 	/System/Library/Frameworks/AudioToolbox.framework/Versions/A/AudioToolbox
0x00007fff413e5000 	/System/Library/Frameworks/AudioUnit.framework/Versions/A/AudioUnit
0x00007fff56b42000 	/System/Library/PrivateFrameworks/DataDetectorsCore.framework/Versions/A/DataDetectorsCore
0x00007fff41abc000 	/System/Library/Frameworks/Carbon.framework/Versions/A/Frameworks/HIToolbox.framework/Versions/A/HIToolbox
0x00007fff690b7000 	/usr/lib/libicucore.A.dylib
0x00007fff4db61000 	/System/Library/Frameworks/QuartzCore.framework/Versions/A/QuartzCore
0x00007fff6371e000 	/System/Library/PrivateFrameworks/SignpostNotification.framework/Versions/A/SignpostNotification
0x00007fff41ea2000 	/System/Library/Frameworks/Carbon.framework/Versions/A/Frameworks/SpeechRecognition.framework/Versions/A/SpeechRecognition
0x00007fff684b3000 	/usr/lib/libauto.dylib
0x00007fff6a315000 	/usr/lib/libxml2.2.dylib
0x00007fff566fb000 	/System/Library/PrivateFrameworks/CoreUI.framework/Versions/A/CoreUI
0x00007fff4221d000 	/System/Library/Frameworks/CoreAudio.framework/Versions/A/CoreAudio
0x00007fff44717000 	/System/Library/Frameworks/DiskArbitration.framework/Versions/A/DiskArbitration
0x00007fff6932b000 	/usr/lib/liblangid.dylib
0x00007fff5e1a6000 	/System/Library/PrivateFrameworks/MultitouchSupport.framework/Versions/A/MultitouchSupport
0x00007fff44fba000 	/System/Library/Frameworks/IOKit.framework/Versions/A/IOKit
0x00007fff67fe1000 	/usr/lib/libDiagnosticMessagesClient.dylib
0x00007fff438f5000 	/System/Library/Frameworks/CoreServices.framework/Versions/A/CoreServices
0x00007fff5fcd8000 	/System/Library/PrivateFrameworks/PerformanceAnalysis.framework/Versions/A/PerformanceAnalysis
0x00007fff4cd03000 	/System/Library/Frameworks/OpenGL.framework/Versions/A/OpenGL
0x00007fff41fd7000 	/System/Library/Frameworks/ColorSync.framework/Versions/A/ColorSync
0x00007fff43231000 	/System/Library/Frameworks/CoreImage.framework/Versions/A/CoreImage
0x00007fff44285000 	/System/Library/Frameworks/CoreText.framework/Versions/A/CoreText
0x00007fff450b5000 	/System/Library/Frameworks/ImageIO.framework/Versions/A/ImageIO
0x00007fff533f2000 	/System/Library/PrivateFrameworks/Backup.framework/Versions/A/Backup
0x00007fff68403000 	/usr/lib/libarchive.2.dylib
0x00007fff41708000 	/System/Library/Frameworks/CFNetwork.framework/Versions/A/CFNetwork
0x00007fff4ed75000 	/System/Library/Frameworks/SystemConfiguration.framework/Versions/A/SystemConfiguration
0x00007fff67f0a000 	/usr/lib/libCRFSuite.dylib
0x00007fff6858c000 	/usr/lib/libc++.1.dylib
0x00007fff685e3000 	/usr/lib/libc++abi.dylib
0x00007fff6a4d4000 	/usr/lib/system/libcache.dylib
0x00007fff6a4d9000 	/usr/lib/system/libcommonCrypto.dylib
0x00007fff6a4e4000 	/usr/lib/system/libcompiler_rt.dylib
0x00007fff6a4ec000 	/usr/lib/system/libcopyfile.dylib
0x00007fff6a4f6000 	/usr/lib/system/libcorecrypto.dylib
0x00007fff6a603000 	/usr/lib/system/libdispatch.dylib
0x00007fff6a63d000 	/usr/lib/system/libdyld.dylib
0x00007fff6a65b000 	/usr/lib/system/libkeymgr.dylib
0x00007fff6a669000 	/usr/lib/system/liblaunch.dylib
0x00007fff6a66a000 	/usr/lib/system/libmacho.dylib
0x00007fff6a66f000 	/usr/lib/system/libquarantine.dylib
0x00007fff6a672000 	/usr/lib/system/libremovefile.dylib
0x00007fff6a674000 	/usr/lib/system/libsystem_asl.dylib
0x00007fff6a68c000 	/usr/lib/system/libsystem_blocks.dylib
0x00007fff6a68d000 	/usr/lib/system/libsystem_c.dylib
0x00007fff6a717000 	/usr/lib/system/libsystem_configuration.dylib
0x00007fff6a71b000 	/usr/lib/system/libsystem_coreservices.dylib
0x00007fff6a71f000 	/usr/lib/system/libsystem_darwin.dylib
0x00007fff6a721000 	/usr/lib/system/libsystem_dnssd.dylib
0x00007fff6a728000 	/usr/lib/system/libsystem_info.dylib
0x00007fff6a799000 	/usr/lib/system/libsystem_m.dylib
0x00007fff6a7e5000 	/usr/lib/system/libsystem_malloc.dylib
0x00007fff6a805000 	/usr/lib/system/libsystem_network.dylib
0x00007fff6a936000 	/usr/lib/system/libsystem_networkextension.dylib
0x00007fff6a941000 	/usr/lib/system/libsystem_notify.dylib
0x00007fff6a95f000 	/usr/lib/system/libsystem_sandbox.dylib
0x00007fff6a963000 	/usr/lib/system/libsystem_secinit.dylib
0x00007fff6a772000 	/usr/lib/system/libsystem_kernel.dylib
0x00007fff6a94b000 	/usr/lib/system/libsystem_platform.dylib
0x00007fff6a953000 	/usr/lib/system/libsystem_pthread.dylib
0x00007fff6a965000 	/usr/lib/system/libsystem_symptoms.dylib
0x00007fff6a96d000 	/usr/lib/system/libsystem_trace.dylib
0x00007fff6a982000 	/usr/lib/system/libunwind.dylib
0x00007fff6a988000 	/usr/lib/system/libxpc.dylib
0x00007fff67e1d000 	/usr/lib/closure/libclosured.dylib
0x00007fff6856d000 	/usr/lib/libbsm.0.dylib
0x00007fff6a65c000 	/usr/lib/system/libkxld.dylib
0x00007fff6821b000 	/usr/lib/libOpenScriptingUtil.dylib
0x00007fff688dc000 	/usr/lib/libcoretls.dylib
0x00007fff688f5000 	/usr/lib/libcoretls_cfhelpers.dylib
0x00007fff69e11000 	/usr/lib/libpam.2.dylib
0x00007fff69f38000 	/usr/lib/libsqlite3.dylib
0x00007fff6a304000 	/usr/lib/libxar.1.dylib
0x00007fff6857e000 	/usr/lib/libbz2.1.0.dylib
0x00007fff6932d000 	/usr/lib/liblzma.5.dylib
0x00007fff6980e000 	/usr/lib/libnetwork.dylib
0x00007fff683ec000 	/usr/lib/libapple_nghttp2.dylib
0x00007fff69e18000 	/usr/lib/libpcap.A.dylib
0x00007fff684b4000 	/usr/lib/libboringssl.dylib
0x00007fff6a29f000 	/usr/lib/libusrtcp.dylib
0x00007fff683eb000 	/usr/lib/libapple_crypto.dylib
0x00007fff43c78000 	/System/Library/Frameworks/CoreServices.framework/Versions/A/Frameworks/FSEvents.framework/Versions/A/FSEvents
0x00007fff4396b000 	/System/Library/Frameworks/CoreServices.framework/Versions/A/Frameworks/CarbonCore.framework/Versions/A/CarbonCore
0x00007fff43e3f000 	/System/Library/Frameworks/CoreServices.framework/Versions/A/Frameworks/Metadata.framework/Versions/A/Metadata
0x00007fff43ef0000 	/System/Library/Frameworks/CoreServices.framework/Versions/A/Frameworks/OSServices.framework/Versions/A/OSServices
0x00007fff43f51000 	/System/Library/Frameworks/CoreServices.framework/Versions/A/Frameworks/SearchKit.framework/Versions/A/SearchKit
0x00007fff438f6000 	/System/Library/Frameworks/CoreServices.framework/Versions/A/Frameworks/AE.framework/Versions/A/AE
0x00007fff43c81000 	/System/Library/Frameworks/CoreServices.framework/Versions/A/Frameworks/LaunchServices.framework/Versions/A/LaunchServices
0x00007fff43c43000 	/System/Library/Frameworks/CoreServices.framework/Versions/A/Frameworks/DictionaryServices.framework/Versions/A/DictionaryServices
0x00007fff43fc0000 	/System/Library/Frameworks/CoreServices.framework/Versions/A/Frameworks/SharedFileList.framework/Versions/A/SharedFileList
0x00007fff4817f000 	/System/Library/Frameworks/NetFS.framework/Versions/A/NetFS
0x00007fff5e437000 	/System/Library/PrivateFrameworks/NetAuth.framework/Versions/A/NetAuth
0x00007fff67cb4000 	/System/Library/PrivateFrameworks/login.framework/Versions/A/Frameworks/loginsupport.framework/Versions/A/loginsupport
0x00007fff66079000 	/System/Library/PrivateFrameworks/TCC.framework/Versions/A/TCC
0x00007fff6940e000 	/usr/lib/libmecabra.dylib
0x00007fff40c0c000 	/System/Library/Frameworks/ApplicationServices.framework/Versions/A/Frameworks/ATS.framework/Versions/A/ATS
0x00007fff40fba000 	/System/Library/Frameworks/ApplicationServices.framework/Versions/A/Frameworks/ColorSyncLegacy.framework/Versions/A/ColorSyncLegacy
0x00007fff4105e000 	/System/Library/Frameworks/ApplicationServices.framework/Versions/A/Frameworks/HIServices.framework/Versions/A/HIServices
0x00007fff410b1000 	/System/Library/Frameworks/ApplicationServices.framework/Versions/A/Frameworks/LangAnalysis.framework/Versions/A/LangAnalysis
0x00007fff410c0000 	/System/Library/Frameworks/ApplicationServices.framework/Versions/A/Frameworks/PrintCore.framework/Versions/A/PrintCore
0x00007fff4110d000 	/System/Library/Frameworks/ApplicationServices.framework/Versions/A/Frameworks/QD.framework/Versions/A/QD
0x00007fff41148000 	/System/Library/Frameworks/ApplicationServices.framework/Versions/A/Frameworks/SpeechSynthesis.framework/Versions/A/SpeechSynthesis
0x00007fff42698000 	/System/Library/Frameworks/CoreDisplay.framework/Versions/A/CoreDisplay
0x00007fff3ed0d000 	/System/Library/Frameworks/Accelerate.framework/Versions/A/Frameworks/vImage.framework/Versions/A/vImage
0x00007fff3fa67000 	/System/Library/Frameworks/Accelerate.framework/Versions/A/Frameworks/vecLib.framework/Versions/A/vecLib
0x00007fff3f807000 	/System/Library/Frameworks/Accelerate.framework/Versions/A/Frameworks/vecLib.framework/Versions/A/libvDSP.dylib
0x00007fff3f367000 	/System/Library/Frameworks/Accelerate.framework/Versions/A/Frameworks/vecLib.framework/Versions/A/libBNNS.dylib
0x00007fff3f76c000 	/System/Library/Frameworks/Accelerate.framework/Versions/A/Frameworks/vecLib.framework/Versions/A/libQuadrature.dylib
0x00007fff3f9b5000 	/System/Library/Frameworks/Accelerate.framework/Versions/A/Frameworks/vecLib.framework/Versions/A/libvMisc.dylib
0x00007fff3f396000 	/System/Library/Frameworks/Accelerate.framework/Versions/A/Frameworks/vecLib.framework/Versions/A/libLAPACK.dylib
0x00007fff3f20c000 	/System/Library/Frameworks/Accelerate.framework/Versions/A/Frameworks/vecLib.framework/Versions/A/libBLAS.dylib
0x00007fff3f756000 	/System/Library/Frameworks/Accelerate.framework/Versions/A/Frameworks/vecLib.framework/Versions/A/libLinearAlgebra.dylib
0x00007fff3f772000 	/System/Library/Frameworks/Accelerate.framework/Versions/A/Frameworks/vecLib.framework/Versions/A/libSparse.dylib
0x00007fff3f7f3000 	/System/Library/Frameworks/Accelerate.framework/Versions/A/Frameworks/vecLib.framework/Versions/A/libSparseBLAS.dylib
0x00007fff5b286000 	/System/Library/PrivateFrameworks/GPUWrangler.framework/Versions/A/GPUWrangler
0x00007fff5ca17000 	/System/Library/PrivateFrameworks/IOAccelerator.framework/Versions/A/IOAccelerator
0x00007fff5ca22000 	/System/Library/PrivateFrameworks/IOPresentment.framework/Versions/A/IOPresentment
0x00007fff56abc000 	/System/Library/PrivateFrameworks/DSExternalDisplay.framework/Versions/A/DSExternalDisplay
0x00007fff4c182000 	/System/Library/Frameworks/OpenGL.framework/Versions/A/Libraries/libCoreFSCache.dylib
0x00007fff443d6000 	/System/Library/Frameworks/CoreVideo.framework/Versions/A/CoreVideo
0x00007fff5c001000 	/System/Library/PrivateFrameworks/GraphVisualizer.framework/Versions/A/GraphVisualizer
0x00007fff47180000 	/System/Library/Frameworks/MetalPerformanceShaders.framework/Versions/A/MetalPerformanceShaders
0x00007fff68019000 	/usr/lib/libFosl_dynamic.dylib
0x00007fff57b90000 	/System/Library/PrivateFrameworks/FaceCore.framework/Versions/A/FaceCore
0x00007fff4af7d000 	/System/Library/Frameworks/OpenCL.framework/Versions/A/OpenCL
0x00007fff6861a000 	/usr/lib/libcompression.dylib
0x00007fff40d0b000 	/System/Library/Frameworks/ApplicationServices.framework/Versions/A/Frameworks/ATS.framework/Versions/A/Resources/libFontParser.dylib
0x00007fff40e2e000 	/System/Library/Frameworks/ApplicationServices.framework/Versions/A/Frameworks/ATS.framework/Versions/A/Resources/libFontRegistry.dylib
0x00007fff4531d000 	/System/Library/Frameworks/ImageIO.framework/Versions/A/Resources/libJPEG.dylib
0x00007fff45646000 	/System/Library/Frameworks/ImageIO.framework/Versions/A/Resources/libTIFF.dylib
0x00007fff4561c000 	/System/Library/Frameworks/ImageIO.framework/Versions/A/Resources/libPng.dylib
0x00007fff45230000 	/System/Library/Frameworks/ImageIO.framework/Versions/A/Resources/libGIF.dylib
0x00007fff45235000 	/System/Library/Frameworks/ImageIO.framework/Versions/A/Resources/libJP2.dylib
0x00007fff45643000 	/System/Library/Frameworks/ImageIO.framework/Versions/A/Resources/libRadiance.dylib
0x00007fff52b1d000 	/System/Library/PrivateFrameworks/AppleJPEG.framework/Versions/A/AppleJPEG
0x00007fff46fe7000 	/System/Library/Frameworks/MetalPerformanceShaders.framework/Frameworks/MPSCore.framework/Versions/A/MPSCore
0x00007fff47003000 	/System/Library/Frameworks/MetalPerformanceShaders.framework/Frameworks/MPSImage.framework/Versions/A/MPSImage
0x00007fff47098000 	/System/Library/Frameworks/MetalPerformanceShaders.framework/Frameworks/MPSNeuralNetwork.framework/Versions/A/MPSNeuralNetwork
0x00007fff47073000 	/System/Library/Frameworks/MetalPerformanceShaders.framework/Frameworks/MPSMatrix.framework/Versions/A/MPSMatrix
0x00007fff5df18000 	/System/Library/PrivateFrameworks/MetalTools.framework/Versions/A/MetalTools
0x00007fff4c34d000 	/System/Library/Frameworks/OpenGL.framework/Versions/A/Libraries/libGLU.dylib
0x00007fff4c18d000 	/System/Library/Frameworks/OpenGL.framework/Versions/A/Libraries/libGFXShared.dylib
0x00007fff4c197000 	/System/Library/Frameworks/OpenGL.framework/Versions/A/Libraries/libGL.dylib
0x00007fff4c1a3000 	/System/Library/Frameworks/OpenGL.framework/Versions/A/Libraries/libGLImage.dylib
0x00007fff4c17f000 	/System/Library/Frameworks/OpenGL.framework/Versions/A/Libraries/libCVMSPluginSupport.dylib
0x00007fff4c188000 	/System/Library/Frameworks/OpenGL.framework/Versions/A/Libraries/libCoreVMClient.dylib
0x00007fff68dc7000 	/usr/lib/libcups.2.dylib
0x00007fff4654e000 	/System/Library/Frameworks/Kerberos.framework/Versions/A/Kerberos
0x00007fff44d14000 	/System/Library/Frameworks/GSS.framework/Versions/A/GSS
0x00007fff69ecb000 	/usr/lib/libresolv.9.dylib
0x00007fff68fc5000 	/usr/lib/libiconv.2.dylib
0x00007fff5c093000 	/System/Library/PrivateFrameworks/Heimdal.framework/Versions/A/Heimdal
0x00007fff68f94000 	/usr/lib/libheimdal-asn1.dylib
0x00007fff4aff5000 	/System/Library/Frameworks/OpenDirectory.framework/Versions/A/OpenDirectory
0x00007fff54e33000 	/System/Library/PrivateFrameworks/CommonAuth.framework/Versions/A/CommonAuth
0x00007fff4afd8000 	/System/Library/Frameworks/OpenDirectory.framework/Versions/A/Frameworks/CFOpenDirectory.framework/Versions/A/CFOpenDirectory
0x00007fff4e90e000 	/System/Library/Frameworks/SecurityFoundation.framework/Versions/A/SecurityFoundation
0x00007fff51ce2000 	/System/Library/PrivateFrameworks/APFS.framework/Versions/A/APFS
0x00007fff6a300000 	/usr/lib/libutil.dylib
0x00007fff52ba0000 	/System/Library/PrivateFrameworks/AppleSauce.framework/Versions/A/AppleSauce
0x00007fff5d1ff000 	/System/Library/PrivateFrameworks/LinguisticData.framework/Versions/A/LinguisticData
0x00007fff69347000 	/usr/lib/libmarisa.dylib
0x00007fff5d1b9000 	/System/Library/PrivateFrameworks/Lexicon.framework/Versions/A/Lexicon
0x00007fff67f44000 	/usr/lib/libChineseTokenizer.dylib
0x00007fff68609000 	/usr/lib/libcmph.dylib
0x00007fff5d0c3000 	/System/Library/PrivateFrameworks/LanguageModeling.framework/Versions/A/LanguageModeling
0x00007fff55942000 	/System/Library/PrivateFrameworks/CoreEmoji.framework/Versions/A/CoreEmoji
0x00007fff4e9cc000 	/System/Library/Frameworks/ServiceManagement.framework/Versions/A/ServiceManagement
0x00007fff533ea000 	/System/Library/PrivateFrameworks/BackgroundTaskManagement.framework/Versions/A/BackgroundTaskManagement
0x00007fff6a3fd000 	/usr/lib/libxslt.1.dylib
0x00007fff41dcc000 	/System/Library/Frameworks/Carbon.framework/Versions/A/Frameworks/Ink.framework/Versions/A/Ink
0x00007fff6628e000 	/System/Library/PrivateFrameworks/TextureIO.framework/Versions/A/TextureIO
0x00007fff6842e000 	/usr/lib/libate.dylib
0x00007fff56a1c000 	/System/Library/PrivateFrameworks/CrashReporterSupport.framework/Versions/A/CrashReporterSupport
0x00007fff635de000 	/System/Library/PrivateFrameworks/Sharing.framework/Versions/A/Sharing
0x00007fff5ce04000 	/System/Library/PrivateFrameworks/IconServices.framework/Versions/A/IconServices
0x00007fff5301a000 	/System/Library/PrivateFrameworks/AuthKit.framework/Versions/A/AuthKit
0x00007fff529a0000 	/System/Library/PrivateFrameworks/Apple80211.framework/Versions/A/Apple80211
0x00007fff56831000 	/System/Library/PrivateFrameworks/CoreUtils.framework/Versions/A/CoreUtils
0x00007fff44411000 	/System/Library/Frameworks/CoreWLAN.framework/Versions/A/CoreWLAN
0x00007fff44e56000 	/System/Library/Frameworks/IOBluetooth.framework/Versions/A/IOBluetooth
0x00007fff61aa7000 	/System/Library/PrivateFrameworks/ProtocolBuffer.framework/Versions/A/ProtocolBuffer
0x00007fff5e101000 	/System/Library/PrivateFrameworks/MobileKeyBag.framework/Versions/A/MobileKeyBag
0x00007fff560e6000 	/System/Library/PrivateFrameworks/CorePhoneNumbers.framework/Versions/A/CorePhoneNumbers
0x00007fff52ad8000 	/System/Library/PrivateFrameworks/AppleIDAuthSupport.framework/Versions/A/AppleIDAuthSupport
0x00007fff5d0af000 	/System/Library/PrivateFrameworks/KeychainCircle.framework/Versions/A/KeychainCircle
0x00007fff569b7000 	/System/Library/PrivateFrameworks/CoreWiFi.framework/Versions/A/CoreWiFi
0x00007fff42317000 	/System/Library/Frameworks/CoreBluetooth.framework/Versions/A/CoreBluetooth
0x00007fff56c06000 	/System/Library/PrivateFrameworks/DebugSymbols.framework/Versions/A/DebugSymbols
0x00007fff565e7000 	/System/Library/PrivateFrameworks/CoreSymbolication.framework/Versions/A/CoreSymbolication
0x00007fff65a7f000 	/System/Library/PrivateFrameworks/Symbolication.framework/Versions/A/Symbolication
0x00007fff529ca000 	/System/Library/PrivateFrameworks/AppleFSCompression.framework/Versions/A/AppleFSCompression
0x00007fff64ecc000 	/System/Library/PrivateFrameworks/SpeechRecognitionCore.framework/Versions/A/SpeechRecognitionCore
0x0000000104800000 	/Library/Java/JavaVirtualMachines/jdk-10.0.2.jdk/Contents/Home/lib/server/libjvm.dylib
0x00007fff6a1cd000 	/usr/lib/libstdc++.6.0.9.dylib
0x0000000103fd0000 	/Library/Java/JavaVirtualMachines/jdk-10.0.2.jdk/Contents/Home/lib/libverify.dylib
0x00000001056a2000 	/Library/Java/JavaVirtualMachines/jdk-10.0.2.jdk/Contents/Home/lib/libjava.dylib
0x00000001056d6000 	/Library/Java/JavaVirtualMachines/jdk-10.0.2.jdk/Contents/Home/lib/libjdwp.dylib
0x0000000103fe0000 	/Library/Java/JavaVirtualMachines/jdk-10.0.2.jdk/Contents/Home/lib/libinstrument.dylib
0x000000010578c000 	/Library/Java/JavaVirtualMachines/jdk-10.0.2.jdk/Contents/Home/lib/libzip.dylib
0x0000000105794000 	/Library/Java/JavaVirtualMachines/jdk-10.0.2.jdk/Contents/Home/lib/libjimage.dylib
0x000000010b978000 	/Library/Java/JavaVirtualMachines/jdk-10.0.2.jdk/Contents/Home/lib/libdt_socket.dylib
0x000000010b97e000 	/Library/Java/JavaVirtualMachines/jdk-10.0.2.jdk/Contents/Home/lib/libnio.dylib
0x000000010b98e000 	/Library/Java/JavaVirtualMachines/jdk-10.0.2.jdk/Contents/Home/lib/./libnet.dylib


VM Arguments:
jvm_args: -agentlib:jdwp=transport=dt_socket,address=127.0.0.1:65371,suspend=y,server=n -javaagent:/Users/paulofelipeoliveirasouza/Library/Caches/IdeaIC2018.2/captureAgent/debugger-agent.jar=file:/private/var/folders/gp/0ls7g9vj177cw8kx_t78yyxh0000gn/T/capture.props -Dfile.encoding=UTF-8 
java_command: InsertionSort
java_class_path (initial): /Users/paulofelipeoliveirasouza/AulaPota/out/production/AulaPota:/Applications/IntelliJ IDEA CE.app/Contents/lib/idea_rt.jar
Launcher Type: SUN_STANDARD

Logging:
Log output configuration:
#0: stdout all=warning uptime,level,tags
#1: stderr all=off uptime,level,tags

Environment Variables:
PATH=/usr/local/bin:/usr/bin:/bin:/usr/sbin:/sbin:/Applications/Visual Studio Code.app/Contents/Resources/app/bin:/Applications/Visual Studio Code.app/Contents/Resources/app/bin:/Applications/Visual Studio Code.app/Contents/Resources/app/bin:/Applications/Visual Studio Code.app/Contents/Resources/app/bin:/Applications/Visual Studio Code.app/Contents/Resources/app/bin:/Applications/Visual Studio Code.app/Contents/Resources/app/bin:/Applications/Visual Studio Code.app/Contents/Resources/app/bin:/Applications/Visual Studio Code.app/Contents/Resources/app/bin:/Applications/Visual Studio Code.app/Contents/Resources/app/bin:/Applications/Visual Studio Code.app/Contents/Resources/app/bin:/Applications/Visual Studio Code.app/Contents/Resources/app/bin:/Applications/Visual Studio Code.app/Contents/Resources/app/bin:/Applications/Visual Studio Code.app/Contents/Resources/app/bin:/Applications/Visual Studio Code.app/Contents/Resources/app/bin:/Applications/Visual Studio Code.app/Contents/Resources/app/bin:/Applications/Visual Studio Code.app/Contents/Resources/app/bin:/Applications/Visual Studio Code.app/Contents/Resources/app/bin:/Applications/Visual Studio Code.app/Contents/Resources/app/bin:/Applications/Visual Studio Code.app/Contents/Resources/app/bin:/Applications/Visual Studio Code.app/Contents/Resources/app/bin:/Applications/Visual Studio Code.app/Contents/Resources/app/bin:/Applications/Visual Studio Code.app/Contents/Resources/app/bin:/Applications/Visual Studio Code.app/Contents/Resources/app/bin:/Applications/Visual Studio Code.app/Contents/Resources/app/bin:/Applications/Visual Studio Code.app/Contents/Resources/app/bin:/Applications/Visual Studio Code.app/Contents/Resources/app/bin:/Applications/Visual Studio Code.app/Contents/Resources/app/bin:/Applications/Visual Studio Code.app/Contents/Resources/app/bin:/Applications/Visual Studio Code.app/Contents/Resources/app/bin:/Applications/Visual Studio Code.app/Contents/Resources/app/bin:/Applications/Visual Studio Code.
SHELL=/bin/bash

Signal Handlers:
SIGSEGV: [libjvm.dylib+0x79ac14], sa_mask[0]=11111111011111110111111111111111, sa_flags=SA_ONSTACK|SA_RESTART|SA_SIGINFO
SIGBUS: [libjvm.dylib+0x79ac14], sa_mask[0]=11111111011111110111111111111111, sa_flags=SA_RESTART|SA_SIGINFO
SIGFPE: [libjvm.dylib+0x79ac14], sa_mask[0]=11111111011111110111111111111111, sa_flags=SA_RESTART|SA_SIGINFO
SIGPIPE: [libjvm.dylib+0x635960], sa_mask[0]=11111111011111110111111111111111, sa_flags=SA_RESTART|SA_SIGINFO
SIGXFSZ: [libjvm.dylib+0x635960], sa_mask[0]=11111111011111110111111111111111, sa_flags=SA_RESTART|SA_SIGINFO
SIGILL: [libjvm.dylib+0x79ac14], sa_mask[0]=11111111011111110111111111111111, sa_flags=SA_RESTART|SA_SIGINFO
SIGUSR2: [libjvm.dylib+0x6361f0], sa_mask[0]=00100000000000000000000000000000, sa_flags=SA_RESTART|SA_SIGINFO
SIGHUP: [libjvm.dylib+0x6349db], sa_mask[0]=11111111011111110111111111111111, sa_flags=SA_RESTART|SA_SIGINFO
SIGINT: [libjvm.dylib+0x6349db], sa_mask[0]=11111111011111110111111111111111, sa_flags=SA_RESTART|SA_SIGINFO
SIGTERM: [libjvm.dylib+0x6349db], sa_mask[0]=11111111011111110111111111111111, sa_flags=SA_RESTART|SA_SIGINFO
SIGQUIT: [libjvm.dylib+0x6349db], sa_mask[0]=11111111011111110111111111111111, sa_flags=SA_RESTART|SA_SIGINFO


---------------  S Y S T E M  ---------------

OS:uname:Darwin 17.7.0 Darwin Kernel Version 17.7.0: Thu Jun 21 22:53:14 PDT 2018; root:xnu-4570.71.2~1/RELEASE_X86_64 x86_64
rlimit: STACK 8192k, CORE 0k, NPROC 709, NOFILE 10240, AS infinity, DATA infinity, FSIZE infinity
load average:2.34 2.16 2.17

CPU:total 4 (initial active 4) (2 cores per cpu, 2 threads per core) family 6 model 142 stepping 9, cmov, cx8, fxsr, mmx, sse, sse2, sse3, ssse3, sse4.1, sse4.2, popcnt, avx, avx2, aes, clmul, erms, rtm, 3dnowpref, lzcnt, ht, tsc, tscinvbit, bmi1, bmi2, adx, fma

Memory: 4k page, physical 8388608k(192216k free)

vm_info: Java HotSpot(TM) 64-Bit Server VM (10.0.2+13) for bsd-amd64 JRE (10.0.2+13), built on Jun 28 2018 00:49:51 by "mach5one" with gcc 4.2.1 Compatible Apple LLVM 6.1.0 (clang-602.0.49)

END.
